<?xml version="1.0" encoding="UTF-8"?>
<coverage generated="1631936166248" clover="3.2.0">
  <project timestamp="1631936166248" name="All files">
    <metrics statements="18" coveredstatements="2" conditionals="6" coveredconditionals="0" methods="1" coveredmethods="0" elements="25" coveredelements="2" complexity="0" loc="18" ncloc="18" packages="1" files="1" classes="1"/>
    <file name="main.js" path="C:\Users\randy\Desktop\Todo\code\Kata-ISBN-TDD-API\main.js">
      <metrics statements="18" coveredstatements="2" conditionals="6" coveredconditionals="0" methods="1" coveredmethods="0"/>
      <line num="2" count="1" type="stmt"/>
      <line num="3" count="0" type="stmt"/>
      <line num="5" count="0" type="cond" truecount="0" falsecount="2"/>
      <line num="6" count="0" type="stmt"/>
      <line num="7" count="0" type="stmt"/>
      <line num="8" count="0" type="stmt"/>
      <line num="9" count="0" type="stmt"/>
      <line num="10" count="0" type="stmt"/>
      <line num="11" count="0" type="stmt"/>
      <line num="12" count="0" type="stmt"/>
      <line num="13" count="0" type="stmt"/>
      <line num="15" count="0" type="stmt"/>
      <line num="16" count="0" type="cond" truecount="0" falsecount="2"/>
      <line num="17" count="0" type="stmt"/>
      <line num="19" count="0" type="stmt"/>
      <line num="22" count="0" type="cond" truecount="0" falsecount="2"/>
      <line num="23" count="0" type="stmt"/>
      <line num="30" count="1" type="stmt"/>
    </file>
  </project>
</coverage>
