{"C:\\Users\\randy\\Desktop\\Todo\\code\\Kata-ISBN-TDD\\Main_Code.js": {"path":"C:\\Users\\randy\\Desktop\\Todo\\code\\Kata-ISBN-TDD\\Main_Code.js","statementMap":{"0":{"start":{"line":2,"column":34},"end":{"line":18,"column":9}},"1":{"start":{"line":3,"column":18},"end":{"line":3,"column":34}},"2":{"start":{"line":4,"column":8},"end":{"line":4,"column":24}},"3":{"start":{"line":5,"column":18},"end":{"line":5,"column":19}},"4":{"start":{"line":6,"column":22},"end":{"line":6,"column":23}},"5":{"start":{"line":7,"column":12},"end":{"line":11,"column":13}},"6":{"start":{"line":7,"column":25},"end":{"line":7,"column":26}},"7":{"start":{"line":8,"column":31},"end":{"line":8,"column":49}},"8":{"start":{"line":9,"column":16},"end":{"line":9,"column":32}},"9":{"start":{"line":10,"column":16},"end":{"line":10,"column":26}},"10":{"start":{"line":12,"column":33},"end":{"line":12,"column":41}},"11":{"start":{"line":13,"column":12},"end":{"line":17,"column":13}},"12":{"start":{"line":14,"column":16},"end":{"line":14,"column":54}},"13":{"start":{"line":16,"column":16},"end":{"line":16,"column":39}},"14":{"start":{"line":22,"column":34},"end":{"line":37,"column":5}},"15":{"start":{"line":23,"column":22},"end":{"line":23,"column":38}},"16":{"start":{"line":24,"column":21},"end":{"line":24,"column":22}},"17":{"start":{"line":25,"column":8},"end":{"line":28,"column":28}},"18":{"start":{"line":29,"column":29},"end":{"line":29,"column":40}},"19":{"start":{"line":30,"column":8},"end":{"line":36,"column":9}},"20":{"start":{"line":32,"column":12},"end":{"line":32,"column":50}},"21":{"start":{"line":35,"column":12},"end":{"line":35,"column":51}},"22":{"start":{"line":41,"column":4},"end":{"line":45,"column":5}},"23":{"start":{"line":42,"column":8},"end":{"line":42,"column":33}},"24":{"start":{"line":43,"column":10},"end":{"line":45,"column":5}},"25":{"start":{"line":44,"column":8},"end":{"line":44,"column":20}},"26":{"start":{"line":46,"column":31},"end":{"line":46,"column":53}},"27":{"start":{"line":47,"column":29},"end":{"line":47,"column":50}},"28":{"start":{"line":48,"column":8},"end":{"line":52,"column":5}},"29":{"start":{"line":49,"column":8},"end":{"line":49,"column":54}},"30":{"start":{"line":50,"column":10},"end":{"line":52,"column":5}},"31":{"start":{"line":51,"column":8},"end":{"line":51,"column":54}},"32":{"start":{"line":55,"column":0},"end":{"line":55,"column":26}}},"fnMap":{"0":{"name":"(anonymous_0)","decl":{"start":{"line":2,"column":34},"end":{"line":2,"column":35}},"loc":{"start":{"line":2,"column":43},"end":{"line":18,"column":9}},"line":2},"1":{"name":"(anonymous_1)","decl":{"start":{"line":22,"column":34},"end":{"line":22,"column":35}},"loc":{"start":{"line":22,"column":44},"end":{"line":37,"column":5}},"line":22},"2":{"name":"Validate","decl":{"start":{"line":40,"column":9},"end":{"line":40,"column":17}},"loc":{"start":{"line":40,"column":26},"end":{"line":53,"column":1}},"line":40}},"branchMap":{"0":{"loc":{"start":{"line":13,"column":12},"end":{"line":17,"column":13}},"type":"if","locations":[{"start":{"line":13,"column":12},"end":{"line":17,"column":13}},{"start":{"line":13,"column":12},"end":{"line":17,"column":13}}],"line":13},"1":{"loc":{"start":{"line":30,"column":8},"end":{"line":36,"column":9}},"type":"if","locations":[{"start":{"line":30,"column":8},"end":{"line":36,"column":9}},{"start":{"line":30,"column":8},"end":{"line":36,"column":9}}],"line":30},"2":{"loc":{"start":{"line":41,"column":4},"end":{"line":45,"column":5}},"type":"if","locations":[{"start":{"line":41,"column":4},"end":{"line":45,"column":5}},{"start":{"line":41,"column":4},"end":{"line":45,"column":5}}],"line":41},"3":{"loc":{"start":{"line":41,"column":8},"end":{"line":41,"column":29}},"type":"binary-expr","locations":[{"start":{"line":41,"column":8},"end":{"line":41,"column":20}},{"start":{"line":41,"column":24},"end":{"line":41,"column":29}}],"line":41},"4":{"loc":{"start":{"line":43,"column":10},"end":{"line":45,"column":5}},"type":"if","locations":[{"start":{"line":43,"column":10},"end":{"line":45,"column":5}},{"start":{"line":43,"column":10},"end":{"line":45,"column":5}}],"line":43},"5":{"loc":{"start":{"line":43,"column":13},"end":{"line":43,"column":40}},"type":"binary-expr","locations":[{"start":{"line":43,"column":13},"end":{"line":43,"column":24}},{"start":{"line":43,"column":28},"end":{"line":43,"column":40}}],"line":43},"6":{"loc":{"start":{"line":48,"column":8},"end":{"line":52,"column":5}},"type":"if","locations":[{"start":{"line":48,"column":8},"end":{"line":52,"column":5}},{"start":{"line":48,"column":8},"end":{"line":52,"column":5}}],"line":48},"7":{"loc":{"start":{"line":50,"column":10},"end":{"line":52,"column":5}},"type":"if","locations":[{"start":{"line":50,"column":10},"end":{"line":52,"column":5}},{"start":{"line":50,"column":10},"end":{"line":52,"column":5}}],"line":50}},"s":{"0":1,"1":1,"2":1,"3":1,"4":1,"5":1,"6":1,"7":10,"8":10,"9":10,"10":1,"11":1,"12":1,"13":0,"14":1,"15":1,"16":1,"17":1,"18":1,"19":1,"20":1,"21":0,"22":5,"23":1,"24":4,"25":2,"26":2,"27":2,"28":2,"29":1,"30":1,"31":1,"32":1},"f":{"0":1,"1":1,"2":5},"b":{"0":[1,0],"1":[1,0],"2":[1,4],"3":[5,4],"4":[2,2],"5":[4,3],"6":[1,1],"7":[1,0]},"_coverageSchema":"1a1c01bbd47fc00a2c39e90264f33305004495a9","hash":"71cd2e3e951739b75058be2ba8b0051ea12e322f"}
}
