{"C:\\Users\\randy\\Desktop\\Todo\\code\\Kata-ISBN-TDD\\Main_Code.js": {"path":"C:\\Users\\randy\\Desktop\\Todo\\code\\Kata-ISBN-TDD\\Main_Code.js","statementMap":{"0":{"start":{"line":1,"column":30},"end":{"line":17,"column":1}},"1":{"start":{"line":2,"column":18},"end":{"line":2,"column":34}},"2":{"start":{"line":3,"column":4},"end":{"line":3,"column":20}},"3":{"start":{"line":4,"column":14},"end":{"line":4,"column":15}},"4":{"start":{"line":5,"column":17},"end":{"line":5,"column":18}},"5":{"start":{"line":6,"column":8},"end":{"line":10,"column":9}},"6":{"start":{"line":6,"column":21},"end":{"line":6,"column":22}},"7":{"start":{"line":7,"column":27},"end":{"line":7,"column":45}},"8":{"start":{"line":8,"column":12},"end":{"line":8,"column":28}},"9":{"start":{"line":9,"column":12},"end":{"line":9,"column":22}},"10":{"start":{"line":11,"column":29},"end":{"line":11,"column":37}},"11":{"start":{"line":12,"column":8},"end":{"line":16,"column":9}},"12":{"start":{"line":13,"column":12},"end":{"line":13,"column":49}},"13":{"start":{"line":15,"column":12},"end":{"line":15,"column":34}},"14":{"start":{"line":19,"column":31},"end":{"line":34,"column":1}},"15":{"start":{"line":20,"column":18},"end":{"line":20,"column":34}},"16":{"start":{"line":21,"column":21},"end":{"line":21,"column":22}},"17":{"start":{"line":22,"column":8},"end":{"line":25,"column":32}},"18":{"start":{"line":26,"column":29},"end":{"line":26,"column":40}},"19":{"start":{"line":27,"column":8},"end":{"line":33,"column":9}},"20":{"start":{"line":29,"column":12},"end":{"line":29,"column":50}},"21":{"start":{"line":32,"column":12},"end":{"line":32,"column":34}},"22":{"start":{"line":37,"column":4},"end":{"line":41,"column":5}},"23":{"start":{"line":38,"column":8},"end":{"line":38,"column":32}},"24":{"start":{"line":39,"column":10},"end":{"line":41,"column":5}},"25":{"start":{"line":40,"column":8},"end":{"line":40,"column":19}},"26":{"start":{"line":43,"column":27},"end":{"line":43,"column":49}},"27":{"start":{"line":44,"column":25},"end":{"line":44,"column":46}},"28":{"start":{"line":45,"column":4},"end":{"line":49,"column":5}},"29":{"start":{"line":46,"column":8},"end":{"line":46,"column":55}},"30":{"start":{"line":47,"column":10},"end":{"line":49,"column":5}},"31":{"start":{"line":48,"column":4},"end":{"line":48,"column":52}},"32":{"start":{"line":52,"column":0},"end":{"line":52,"column":26}}},"fnMap":{"0":{"name":"(anonymous_0)","decl":{"start":{"line":1,"column":30},"end":{"line":1,"column":31}},"loc":{"start":{"line":1,"column":39},"end":{"line":17,"column":1}},"line":1},"1":{"name":"(anonymous_1)","decl":{"start":{"line":19,"column":31},"end":{"line":19,"column":32}},"loc":{"start":{"line":19,"column":40},"end":{"line":34,"column":1}},"line":19},"2":{"name":"Validate","decl":{"start":{"line":36,"column":9},"end":{"line":36,"column":17}},"loc":{"start":{"line":36,"column":23},"end":{"line":50,"column":1}},"line":36}},"branchMap":{"0":{"loc":{"start":{"line":12,"column":8},"end":{"line":16,"column":9}},"type":"if","locations":[{"start":{"line":12,"column":8},"end":{"line":16,"column":9}},{"start":{"line":12,"column":8},"end":{"line":16,"column":9}}],"line":12},"1":{"loc":{"start":{"line":27,"column":8},"end":{"line":33,"column":9}},"type":"if","locations":[{"start":{"line":27,"column":8},"end":{"line":33,"column":9}},{"start":{"line":27,"column":8},"end":{"line":33,"column":9}}],"line":27},"2":{"loc":{"start":{"line":37,"column":4},"end":{"line":41,"column":5}},"type":"if","locations":[{"start":{"line":37,"column":4},"end":{"line":41,"column":5}},{"start":{"line":37,"column":4},"end":{"line":41,"column":5}}],"line":37},"3":{"loc":{"start":{"line":37,"column":8},"end":{"line":37,"column":29}},"type":"binary-expr","locations":[{"start":{"line":37,"column":8},"end":{"line":37,"column":20}},{"start":{"line":37,"column":24},"end":{"line":37,"column":29}}],"line":37},"4":{"loc":{"start":{"line":39,"column":10},"end":{"line":41,"column":5}},"type":"if","locations":[{"start":{"line":39,"column":10},"end":{"line":41,"column":5}},{"start":{"line":39,"column":10},"end":{"line":41,"column":5}}],"line":39},"5":{"loc":{"start":{"line":39,"column":14},"end":{"line":39,"column":41}},"type":"binary-expr","locations":[{"start":{"line":39,"column":14},"end":{"line":39,"column":25}},{"start":{"line":39,"column":29},"end":{"line":39,"column":41}}],"line":39},"6":{"loc":{"start":{"line":45,"column":4},"end":{"line":49,"column":5}},"type":"if","locations":[{"start":{"line":45,"column":4},"end":{"line":49,"column":5}},{"start":{"line":45,"column":4},"end":{"line":49,"column":5}}],"line":45},"7":{"loc":{"start":{"line":47,"column":10},"end":{"line":49,"column":5}},"type":"if","locations":[{"start":{"line":47,"column":10},"end":{"line":49,"column":5}},{"start":{"line":47,"column":10},"end":{"line":49,"column":5}}],"line":47}},"s":{"0":1,"1":1,"2":1,"3":1,"4":1,"5":1,"6":1,"7":10,"8":10,"9":10,"10":1,"11":1,"12":1,"13":0,"14":1,"15":1,"16":1,"17":1,"18":1,"19":1,"20":1,"21":0,"22":5,"23":1,"24":4,"25":2,"26":2,"27":2,"28":2,"29":1,"30":1,"31":1,"32":1},"f":{"0":1,"1":1,"2":5},"b":{"0":[1,0],"1":[1,0],"2":[1,4],"3":[5,4],"4":[2,2],"5":[4,3],"6":[1,1],"7":[1,0]},"_coverageSchema":"1a1c01bbd47fc00a2c39e90264f33305004495a9","hash":"1fe51c0ff6dd8ddf3f1fa392967f1b81ee3247bb"}
}
