TN:
SF:Main_Code.js
FN:2,(anonymous_0)
FN:22,(anonymous_1)
FN:40,Validate
FNF:3
FNH:3
FNDA:1,(anonymous_0)
FNDA:1,(anonymous_1)
FNDA:5,Validate
DA:2,1
DA:3,1
DA:4,1
DA:5,1
DA:6,1
DA:7,1
DA:8,10
DA:9,10
DA:10,10
DA:12,1
DA:13,1
DA:14,1
DA:16,0
DA:22,1
DA:23,1
DA:24,1
DA:25,1
DA:29,1
DA:30,1
DA:32,1
DA:35,0
DA:41,5
DA:42,1
DA:43,4
DA:44,2
DA:46,2
DA:47,2
DA:48,2
DA:49,1
DA:50,1
DA:51,1
DA:55,1
LF:32
LH:30
BRDA:13,0,0,1
BRDA:13,0,1,0
BRDA:30,1,0,1
BRDA:30,1,1,0
BRDA:41,2,0,1
BRDA:41,2,1,4
BRDA:41,3,0,5
BRDA:41,3,1,4
BRDA:43,4,0,2
BRDA:43,4,1,2
BRDA:43,5,0,4
BRDA:43,5,1,3
BRDA:48,6,0,1
BRDA:48,6,1,1
BRDA:50,7,0,1
BRDA:50,7,1,0
BRF:16
BRH:13
end_of_record
