TN:
SF:Main_Code.js
FN:1,(anonymous_0)
FN:19,(anonymous_1)
FN:36,Validate
FNF:3
FNH:3
FNDA:1,(anonymous_0)
FNDA:1,(anonymous_1)
FNDA:5,Validate
DA:1,1
DA:2,1
DA:3,1
DA:4,1
DA:5,1
DA:6,1
DA:7,10
DA:8,10
DA:9,10
DA:11,1
DA:12,1
DA:13,1
DA:15,0
DA:19,1
DA:20,1
DA:21,1
DA:22,1
DA:26,1
DA:27,1
DA:29,1
DA:32,0
DA:37,5
DA:38,1
DA:39,4
DA:40,2
DA:43,2
DA:44,2
DA:45,2
DA:46,1
DA:47,1
DA:48,1
DA:52,1
LF:32
LH:30
BRDA:12,0,0,1
BRDA:12,0,1,0
BRDA:27,1,0,1
BRDA:27,1,1,0
BRDA:37,2,0,1
BRDA:37,2,1,4
BRDA:37,3,0,5
BRDA:37,3,1,4
BRDA:39,4,0,2
BRDA:39,4,1,2
BRDA:39,5,0,4
BRDA:39,5,1,3
BRDA:45,6,0,1
BRDA:45,6,1,1
BRDA:47,7,0,1
BRDA:47,7,1,0
BRF:16
BRH:13
end_of_record
